<?xml version="1.0" encoding="utf-8"?><testsuites><testsuite name="pytest" errors="0" failures="0" skipped="1" tests="1" time="4.905" timestamp="2025-05-25T22:02:03.499512" hostname="WS01.asyla.org"><testcase classname="integration.test_crimes_e2e" name="test_crimes_endpoint_e2e" time="4.591"><skipped type="pytest.skip" message="BigQuery check skipped due to error: No module named 'app'">/Users/shepner/src/TornCity/TCdatalogger/tests/integration/test_crimes_e2e.py:64: BigQuery check skipped due to error: No module named 'app'</skipped></testcase></testsuite></testsuites>