<?xml version="1.0" encoding="utf-8"?><testsuites><testsuite name="pytest" errors="0" failures="0" skipped="0" tests="4" time="0.493" timestamp="2025-05-21T07:01:25.546320" hostname="WS01.asyla.org"><testcase classname="unit.services.torncity.endpoints.test_crimes" name="test_transform_data_missing_fields" time="0.013" /><testcase classname="unit.services.torncity.endpoints.test_crimes" name="test_transform_data_with_real_json" time="0.008" /><testcase classname="unit.services.torncity.endpoints.test_crimes" name="test_transform_data_empty_response" time="0.002" /><testcase classname="unit.services.torncity.endpoints.test_crimes" name="test_transform_data" time="0.008" /></testsuite></testsuites>